***************************************
*          HEADER DESCRIPTION
***************************************
Customer:        FooTel Telecommunications Inc.
Quantity:        3
Type:            FOOTEL_STANDARD
Profile:         1.0
Batch:           01074809
*
Transport_key:   11
*
Address1:        FooTel Telecommunications Inc.
Address2:        Suite 3, floor 99
Address3:        Shebang Hi-Tech Industrial Park
Address4:        4711
Address5:        Deep trench plaza
Address6:        Atlantis
*
Graph_ref:       1.0
*
PO_ref_number:   010748
***************************************
*          INPUT VARIABLES DESCRIPTION
***************************************
Var_In_List: 
IMSI:471161085310000
Ser_nb:89601619103100049794

OUTPUT VARIABLES
var_out:ICCID/IMSI/PIN1/PUK1/PIN2/PUK2/ADM1/KI/Access_Control/Code Retailer/Code ADM/ADM2/ADM3/ADM4
47111611031000501294 471161085310000 1234 12345678 1234 12345678 12345678 ABBCCCAABBCCAABBCCAABBCCAABBCCAB 0001 ABBCCCAABBCCAABBCCAABBCCAABBCCAB 11 8123 1 1
47111611031000501294 471161085310000 1234 12345678 1234 12345678 12345678 ABBCCCAABBCCAABBCCAABBCCAABBCCAB 0001 ABBCCCAABBCCAABBCCAABBCCAABBCCAB 11 8123 1 1
47111611031000501294 471161085310000 1234 12345678 1234 12345678 12345678 ABBCCCAABBCCAABBCCAABBCCAABBCCAB 0001 ABBCCCAABBCCAABBCCAABBCCAABBCCAB 11 8123 1 1


