*HEADER DESCRIPTION
***************************************
MNOID           : Loltel
ProfileType     : SAIP v1
Order Date      : 12092018
Batch No        : 001
Quanitity       : 5
Operator        : Loltel
MCC.MNC         : 242.01
SPN             : Loltel
SMSP            : 4790000313
OP Key Index    : 
Transport Key   : 
***************************************
*INPUT VARIABLES DESCRIPTION
***************************************
var_In: ICCID/IMSI
8900000000000000000,4201710010000
***************************************
*OUTPUT VARIABLES DESCRIPTION
***************************************
var_out: ICCID/IMSI/PIN1/PIN2/PUK1/PUK2/KI
8900000000000000000,4201710010000,1234,1234,12345678,12345678,123456789abcdef0123456789abcdef0